<?xml version="1.0" encoding="UTF-8"?>
<!-- Generated by org.testng.reporters.JUnitReportReporter -->
<testsuite hostname="DESKTOP-1A5LGLI" failures="0" tests="1" name="com.Opencart.testLayer.WishlistTest" time="9.300" errors="0" timestamp="2023-06-13T13:45:28 IST" skipped="0">
  <testcase classname="com.Opencart.testLayer.WishlistTest" name="validateAddingProductToWishlistPage" time="9.300"/>
  <system-out/>
</testsuite> <!-- com.Opencart.testLayer.WishlistTest -->
