<?xml version="1.0" encoding="UTF-8"?>
<!-- Generated by org.testng.reporters.JUnitReportReporter -->
<testsuite hostname="DESKTOP-1A5LGLI" failures="0" tests="2" name="com.Opencart.testLayer.LoginTest" time="16.680" errors="0" timestamp="2023-06-13T13:49:50 IST" skipped="0">
  <testcase classname="com.Opencart.testLayer.LoginTest" name="ValidateLoggingIntoApplicationUsingValidCredentials" time="9.949"/>
  <system-out/>
  <testcase classname="com.Opencart.testLayer.LoginTest" name="ValidateLoggingIntoApplicationUsingInValidCredentials" time="6.731"/>
  <system-out/>
</testsuite> <!-- com.Opencart.testLayer.LoginTest -->
